<?xml version="1.0" encoding="UTF-8"?>
<!-- Generated by org.testng.reporters.JUnitXMLReporter -->
<testsuite hostname="DESKTOP-VSP0LTL" ignored="0" name="Test" tests="6" failures="0" timestamp="16 Apr 2020 16:50:10 GMT" time="0.043" errors="0">
  <testcase name="browserAutomation" time="0.009" classname="Qaclickacademy.SeleniumTest"/>
  <testcase name="elementsUI" time="0.001" classname="Qaclickacademy.SeleniumTest"/>
  <testcase name="deleteTwitter" time="0.001" classname="Qaclickacademy.RESTApiTest"/>
  <testcase name="postJira" time="0.001" classname="Qaclickacademy.RESTApiTest"/>
  <testcase name="nativeAppAndroid" time="0.001" classname="Qaclickacademy.AppiumTest"/>
  <testcase name="nativeAppIOS" time="0.001" classname="Qaclickacademy.AppiumTest"/>
</testsuite> <!-- Test -->
