<?xml version="1.0" encoding="UTF-8"?>
<!-- Generated by org.testng.reporters.JUnitXMLReporter -->
<testsuite hostname="DESKTOP-VSP0LTL" ignored="0" name="Command line test" tests="6" failures="0" timestamp="09 Apr 2020 04:04:39 GMT" time="0.032" errors="0">
  <testcase name="nativeAppAndroid" time="0.005" classname="Qaclickacademy.AppiumTest"/>
  <testcase name="nativeAppIOS" time="0.0" classname="Qaclickacademy.AppiumTest"/>
  <testcase name="deleteTwitter" time="0.0" classname="Qaclickacademy.RESTApiTest"/>
  <testcase name="postJira" time="0.001" classname="Qaclickacademy.RESTApiTest"/>
  <testcase name="browserAutomation" time="0.0" classname="Qaclickacademy.SeleniumTest"/>
  <testcase name="elementsUI" time="0.0" classname="Qaclickacademy.SeleniumTest"/>
</testsuite> <!-- Command line test -->
